npm info using npm@8.5.1
npm info using node@v12.22.9
npm timing npm:load:whichnode Completed in 0ms
npm timing config:load:defaults Completed in 7ms
npm timing config:load:file:/usr/share/nodejs/npm/npmrc Completed in 11ms
npm timing config:load:builtin Completed in 12ms
npm timing config:load:cli Completed in 3ms
npm timing config:load:env Completed in 1ms
npm timing config:load:file:/home/ubuntu/capstone/FE/capstone/.npmrc Completed in 0ms
npm timing config:load:project Completed in 14ms
npm timing config:load:file:/home/ubuntu/.npmrc Completed in 1ms
npm timing config:load:user Completed in 1ms
npm timing config:load:file:/etc/npmrc Completed in 0ms
npm timing config:load:global Completed in 0ms
npm timing config:load:validate Completed in 2ms
npm timing config:load:credentials Completed in 1ms
npm timing config:load:setEnvs Completed in 2ms
npm timing config:load Completed in 44ms
npm timing npm:load:configload Completed in 44ms
npm timing npm:load:setTitle Completed in 1ms
npm timing config:load:flatten Completed in 21ms
npm timing npm:load:display Completed in 86ms
npm timing npm:load:logFile Completed in 25ms
npm timing npm:load:timers Completed in 0ms
npm timing npm:load:configScope Completed in 0ms
npm timing npm:load Completed in 165ms

> capstone@0.1.0 start
> react-scripts start

(node:5261) [DEP_WEBPACK_DEV_SERVER_ON_AFTER_SETUP_MIDDLEWARE] DeprecationWarning: 'onAfterSetupMiddleware' option is deprecated. Please use the 'setupMiddlewares' option.
(node:5261) [DEP_WEBPACK_DEV_SERVER_ON_BEFORE_SETUP_MIDDLEWARE] DeprecationWarning: 'onBeforeSetupMiddleware' option is deprecated. Please use the 'setupMiddlewares' option.
Starting the development server...

Compiled with warnings.

[eslint] 
src/SimpleContainer_Scan.js
  Line 49:15:  Imported JSX component Report_Data must be in PascalCase or SCREAMING_SNAKE_CASE  react/jsx-pascal-case

src/pages/Dashboard.js
  Line 5:8:    'Container' is defined but never used    no-unused-vars
  Line 7:10:   'Button' is defined but never used       no-unused-vars
  Line 7:18:   'ButtonGroup' is defined but never used  no-unused-vars
  Line 7:31:   'Stack' is defined but never used        no-unused-vars
  Line 10:10:  'Typography' is defined but never used   no-unused-vars
  Line 11:17:  'useEffect' is defined but never used    no-unused-vars
  Line 11:28:  'useState' is defined but never used     no-unused-vars

src/pages/Scanning_Start.js
  Line 25:9:   'theme' is assigned a value but never used   no-unused-vars
  Line 128:9:  'action' is assigned a value but never used  no-unused-vars

Search for the keywords to learn more about each warning.
To ignore, add // eslint-disable-next-line to the line before.

WARNING in [eslint] 
src/SimpleContainer_Scan.js
  Line 49:15:  Imported JSX component Report_Data must be in PascalCase or SCREAMING_SNAKE_CASE  react/jsx-pascal-case

src/pages/Dashboard.js
  Line 5:8:    'Container' is defined but never used    no-unused-vars
  Line 7:10:   'Button' is defined but never used       no-unused-vars
  Line 7:18:   'ButtonGroup' is defined but never used  no-unused-vars
  Line 7:31:   'Stack' is defined but never used        no-unused-vars
  Line 10:10:  'Typography' is defined but never used   no-unused-vars
  Line 11:17:  'useEffect' is defined but never used    no-unused-vars
  Line 11:28:  'useState' is defined but never used     no-unused-vars

src/pages/Scanning_Start.js
  Line 25:9:   'theme' is assigned a value but never used   no-unused-vars
  Line 128:9:  'action' is assigned a value but never used  no-unused-vars

webpack compiled with 1 warning
npm info using npm@8.5.1
npm info using node@v12.22.9
npm timing npm:load:whichnode Completed in 0ms
npm timing config:load:defaults Completed in 2ms
npm timing config:load:file:/usr/share/nodejs/npm/npmrc Completed in 6ms
npm timing config:load:builtin Completed in 7ms
npm timing config:load:cli Completed in 2ms
npm timing config:load:env Completed in 1ms
npm timing config:load:file:/home/ubuntu/capstone/FE/capstone/.npmrc Completed in 0ms
npm timing config:load:project Completed in 5ms
npm timing config:load:file:/home/ubuntu/.npmrc Completed in 1ms
npm timing config:load:user Completed in 2ms
npm timing config:load:file:/etc/npmrc Completed in 0ms
npm timing config:load:global Completed in 0ms
npm timing config:load:validate Completed in 1ms
npm timing config:load:credentials Completed in 3ms
npm timing config:load:setEnvs Completed in 3ms
npm timing config:load Completed in 27ms
npm timing npm:load:configload Completed in 27ms
npm timing npm:load:setTitle Completed in 0ms
npm timing config:load:flatten Completed in 6ms
npm timing npm:load:display Completed in 19ms
npm timing npm:load:logFile Completed in 11ms
npm timing npm:load:timers Completed in 0ms
npm timing npm:load:configScope Completed in 0ms
npm timing npm:load Completed in 60ms

> capstone@0.1.0 start
> react-scripts start

(node:2129) [DEP_WEBPACK_DEV_SERVER_ON_AFTER_SETUP_MIDDLEWARE] DeprecationWarning: 'onAfterSetupMiddleware' option is deprecated. Please use the 'setupMiddlewares' option.
(node:2129) [DEP_WEBPACK_DEV_SERVER_ON_BEFORE_SETUP_MIDDLEWARE] DeprecationWarning: 'onBeforeSetupMiddleware' option is deprecated. Please use the 'setupMiddlewares' option.
Starting the development server...

Compiled successfully!

You can now view capstone in the browser.

  Local:            http://localhost:3000
  On Your Network:  http://172.31.5.42:3000

Note that the development build is not optimized.
To create a production build, use npm run build.

webpack compiled successfully
